<?xml version="1.0" encoding="UTF-8"?>
<testng-results ignored="0" total="1" passed="1" failed="0" skipped="0">
  <reporter-output>
  </reporter-output>
  <suite started-at="2026-01-06T16:10:13 IST" name="Default suite" finished-at="2026-01-06T16:10:24 IST" duration-ms="11665">
    <groups>
      <group name="cucumber">
        <method signature="AbstractTestNGCucumberTests.runScenario(io.cucumber.testng.PickleWrapper,io.cucumber.testng.FeatureWrapper)[pri:0, instance:com.ct.runner.LoginRun@3bd82cf5]" name="runScenario" class="io.cucumber.testng.AbstractTestNGCucumberTests"/>
      </group> <!-- cucumber -->
    </groups>
    <test started-at="2026-01-06T16:10:13 IST" name="Default test" finished-at="2026-01-06T16:10:24 IST" duration-ms="11665">
      <class name="com.ct.runner.LoginRun">
        <test-method is-config="true" signature="setUpClass(org.testng.ITestContext)[pri:0, instance:com.ct.runner.LoginRun@3bd82cf5]" started-at="2026-01-06T16:10:13 IST" name="setUpClass" finished-at="2026-01-06T16:10:14 IST" duration-ms="1203" status="PASS">
          <params>
            <param index="0">
              <value>
                <![CDATA[org.testng.TestRunner@281ce6bb]]>
              </value>
            </param>
          </params>
          <reporter-output>
          </reporter-output>
        </test-method> <!-- setUpClass -->
        <test-method signature="runScenario(io.cucumber.testng.PickleWrapper,io.cucumber.testng.FeatureWrapper)[pri:0, instance:com.ct.runner.LoginRun@3bd82cf5]" started-at="2026-01-06T16:10:14 IST" name="runScenario" description="Runs Cucumber Scenarios" data-provider="scenarios" finished-at="2026-01-06T16:10:24 IST" duration-ms="10310" status="PASS">
          <params>
            <param index="0">
              <value>
                <![CDATA["verifying page title"]]>
              </value>
            </param>
            <param index="1">
              <value>
                <![CDATA["Login functionality"]]>
              </value>
            </param>
          </params>
          <reporter-output>
          </reporter-output>
        </test-method> <!-- runScenario -->
        <test-method is-config="true" signature="tearDownClass()[pri:0, instance:com.ct.runner.LoginRun@3bd82cf5]" started-at="2026-01-06T16:10:24 IST" name="tearDownClass" finished-at="2026-01-06T16:10:24 IST" duration-ms="56" status="PASS">
          <reporter-output>
          </reporter-output>
        </test-method> <!-- tearDownClass -->
      </class> <!-- com.ct.runner.LoginRun -->
    </test> <!-- Default test -->
  </suite> <!-- Default suite -->
</testng-results>
